<?xml version="1.0" encoding="UTF-8"?>
<!-- Generated by org.testng.reporters.JUnitReportReporter -->
<testsuite hostname="KavitaPC18" failures="0" tests="1" name="HomePageTests" time="31.162" errors="0" timestamp="2025-06-29T19:27:17 IST" skipped="0">
  <testcase classname="HomePageTests" name="verifyOneStopFilterForFlight" time="31.162"/>
</testsuite> <!-- HomePageTests -->
